BLASTP 2.2.26 [Sep-21-2011]


Reference: Altschul, Stephen F., Thomas L. Madden, Alejandro A. Schaffer, 
Jinghui Zhang, Zheng Zhang, Webb Miller, and David J. Lipman (1997), 
"Gapped BLAST and PSI-BLAST: a new generation of protein database search
programs",  Nucleic Acids Res. 25:3389-3402.

Query= name of the sequence
         (38 letters)

Database: nr 
           50,750,890 sequences; 18,190,226,827 total letters

Searching..................................................done

 ***** No hits found ******

  Database: nr
    Posted date:  Oct 10, 2014  7:37 AM
  Number of letters in database: 775,756,446
  Number of sequences in database:  2,274,985
  
  Database: /db/blast/nr.01
    Posted date:  Oct 10, 2014  7:40 AM
  Number of letters in database: 999,999,791
  Number of sequences in database:  2,983,853
  
  Database: /db/blast/nr.02
    Posted date:  Oct 10, 2014  7:43 AM
  Number of letters in database: 999,999,957
  Number of sequences in database:  2,866,013
  
  Database: /db/blast/nr.03
    Posted date:  Oct 10, 2014  7:46 AM
  Number of letters in database: 999,999,797
  Number of sequences in database:  2,881,130
  
  Database: /db/blast/nr.04
    Posted date:  Oct 10, 2014  7:49 AM
  Number of letters in database: 999,999,787
  Number of sequences in database:  2,971,518
  
  Database: /db/blast/nr.05
    Posted date:  Oct 10, 2014  7:53 AM
  Number of letters in database: 999,999,877
  Number of sequences in database:  2,868,970
  
  Database: /db/blast/nr.06
    Posted date:  Oct 10, 2014  7:56 AM
  Number of letters in database: 999,999,901
  Number of sequences in database:  2,802,689
  
  Database: /db/blast/nr.07
    Posted date:  Oct 10, 2014  7:58 AM
  Number of letters in database: 999,999,971
  Number of sequences in database:  2,630,516
  
  Database: /db/blast/nr.08
    Posted date:  Oct 10, 2014  8:01 AM
  Number of letters in database: 999,999,818
  Number of sequences in database:  2,923,319
  
  Database: /db/blast/nr.09
    Posted date:  Oct 10, 2014  8:05 AM
  Number of letters in database: 999,999,857
  Number of sequences in database:  2,513,808
  
  Database: /db/blast/nr.10
    Posted date:  Oct 10, 2014  8:07 AM
  Number of letters in database: 999,999,691
  Number of sequences in database:  2,544,711
  
  Database: /db/blast/nr.11
    Posted date:  Oct 10, 2014  8:11 AM
  Number of letters in database: 999,999,822
  Number of sequences in database:  2,528,062
  
  Database: /db/blast/nr.12
    Posted date:  Oct 10, 2014  8:15 AM
  Number of letters in database: 713,382,484
  Number of sequences in database:  1,902,898
  
  Database: /db/blast/nr.13
    Posted date:  Oct 10, 2014  8:18 AM
  Number of letters in database: 999,999,154
  Number of sequences in database:  2,897,196
  
  Database: /db/blast/nr.14
    Posted date:  Oct 10, 2014  8:21 AM
  Number of letters in database: 999,999,858
  Number of sequences in database:  2,746,933
  
  Database: /db/blast/nr.15
    Posted date:  Oct 10, 2014  8:23 AM
  Number of letters in database: 999,999,868
  Number of sequences in database:  3,060,527
  
  Database: /db/blast/nr.16
    Posted date:  Oct 10, 2014  8:25 AM
  Number of letters in database: 999,999,961
  Number of sequences in database:  2,829,734
  
  Database: /db/blast/nr.17
    Posted date:  Oct 10, 2014  8:27 AM
  Number of letters in database: 999,999,969
  Number of sequences in database:  2,626,101
  
  Database: /db/blast/nr.18
    Posted date:  Oct 10, 2014  8:29 AM
  Number of letters in database: 701,090,818
  Number of sequences in database:  1,897,927
  
Lambda     K      H
   0.204    0.219     2.02 

Gapped
Lambda     K      H
   0.193   0.0350    0.120 


Matrix: bbTMout
Gap Penalties: Existence: 13, Extension: 2
Number of Hits to DB: 5,212,505,683
Number of Sequences: 50750890
Number of extensions: 311176677
Number of successful extensions: 104011
Number of sequences better than 10.0: 33
Number of HSP's better than 10.0 without gapping: 5
Number of HSP's successfully gapped in prelim test: 28
Number of HSP's that attempted gapping in prelim test: 104006
Number of HSP's gapped (non-prelim): 33
length of query: 38
length of database: 18,190,226,827
effective HSP length: 8
effective length of query: 30
effective length of database: 17,784,219,707
effective search space: 533526591210
effective search space used: 533526591210
T: 11
A: 40
X1: 24 ( 7.1 bits)
X2: 53 (14.8 bits)
X3: 89 (24.8 bits)
S1: 67 (21.9 bits)
S2: 111 (35.7 bits)
